<?xml version="1.0" encoding="UTF-8"?>
<!-- Generated by org.testng.reporters.JUnitReportReporter -->
<testsuite hostname="Satish-HP" failures="0" tests="1" name="runner.TestRunner" time="34.089" errors="0" timestamp="8 Sep 2019 11:23:34 GMT">
  <testcase classname="runner.TestRunner" name="feature" time="34.089"/>
</testsuite> <!-- runner.TestRunner -->
